uikit/build/outputs/logs/manifest-merger-release-report.txt
-- Merging decision tree log ---
manifest
ADDED from tuyu\uikit\AndroidManifest.xml:1:1-203:12
INJECTED from tuyu\uikit\AndroidManifest.xml:1:1-203:12
INJECTED from tuyu\uikit\AndroidManifest.xml:1:1-203:12
INJECTED from tuyu\uikit\AndroidManifest.xml:1:1-203:12
INJECTED from tuyu\uikit\AndroidManifest.xml:1:1-203:12
INJECTED from tuyu\uikit\AndroidManifest.xml:1:1-203:12
INJECTED from tuyu\uikit\AndroidManifest.xml:1:1-203:12
	package
		ADDED from tuyu\uikit\AndroidManifest.xml:2:5-36
		INJECTED from tuyu\uikit\AndroidManifest.xml
		INJECTED from tuyu\uikit\AndroidManifest.xml
	android:versionName
		INJECTED from tuyu\uikit\AndroidManifest.xml
		ADDED from tuyu\uikit\AndroidManifest.xml:1:1-203:12
		INJECTED from tuyu\uikit\AndroidManifest.xml
	android:versionCode
		INJECTED from tuyu\uikit\AndroidManifest.xml
		ADDED from tuyu\uikit\AndroidManifest.xml:1:1-203:12
		INJECTED from tuyu\uikit\AndroidManifest.xml
	xmlns:android
		ADDED from tuyu\uikit\AndroidManifest.xml:1:11-69
application
ADDED from tuyu\uikit\AndroidManifest.xml:5:5-202:19
meta-data#com.netease.nim.uikit.support.glide.NIMGlideModule
ADDED from tuyu\uikit\AndroidManifest.xml:7:9-9:42
	android:value
		ADDED from tuyu\uikit\AndroidManifest.xml:9:13-40
	android:name
		ADDED from tuyu\uikit\AndroidManifest.xml:8:13-78
activity#com.netease.nim.uikit.business.session.activity.P2PMessageActivity
ADDED from tuyu\uikit\AndroidManifest.xml:17:9-22:70
	android:screenOrientation
		ADDED from tuyu\uikit\AndroidManifest.xml:20:13-49
	android:windowSoftInputMode
		ADDED from tuyu\uikit\AndroidManifest.xml:22:13-67
	android:configChanges
		ADDED from tuyu\uikit\AndroidManifest.xml:19:13-63
	android:theme
		ADDED from tuyu\uikit\AndroidManifest.xml:21:13-56
	android:name
		ADDED from tuyu\uikit\AndroidManifest.xml:18:13-94
activity#com.netease.nim.uikit.business.session.activity.TeamMessageActivity
ADDED from tuyu\uikit\AndroidManifest.xml:23:9-28:70
	android:screenOrientation
		ADDED from tuyu\uikit\AndroidManifest.xml:26:13-49
	android:windowSoftInputMode
		ADDED from tuyu\uikit\AndroidManifest.xml:28:13-67
	android:configChanges
		ADDED from tuyu\uikit\AndroidManifest.xml:25:13-63
	android:theme
		ADDED from tuyu\uikit\AndroidManifest.xml:27:13-56
	android:name
		ADDED from tuyu\uikit\AndroidManifest.xml:24:13-95
activity#com.netease.nim.uikit.business.team.activity.NormalTeamInfoActivity
ADDED from tuyu\uikit\AndroidManifest.xml:31:9-36:70
	android:screenOrientation
		ADDED from tuyu\uikit\AndroidManifest.xml:34:13-49
	android:windowSoftInputMode
		ADDED from tuyu\uikit\AndroidManifest.xml:36:13-67
	android:configChanges
		ADDED from tuyu\uikit\AndroidManifest.xml:33:13-63
	android:theme
		ADDED from tuyu\uikit\AndroidManifest.xml:35:13-56
	android:name
		ADDED from tuyu\uikit\AndroidManifest.xml:32:13-95
activity#com.netease.nim.uikit.business.team.activity.AdvancedTeamInfoActivity
ADDED from tuyu\uikit\AndroidManifest.xml:37:9-42:70
	android:screenOrientation
		ADDED from tuyu\uikit\AndroidManifest.xml:40:13-49
	android:windowSoftInputMode
		ADDED from tuyu\uikit\AndroidManifest.xml:42:13-67
	android:configChanges
		ADDED from tuyu\uikit\AndroidManifest.xml:39:13-63
	android:theme
		ADDED from tuyu\uikit\AndroidManifest.xml:41:13-56
	android:name
		ADDED from tuyu\uikit\AndroidManifest.xml:38:13-97
activity#com.netease.nim.uikit.business.team.activity.AdvancedTeamMemberActivity
ADDED from tuyu\uikit\AndroidManifest.xml:43:9-48:70
	android:screenOrientation
		ADDED from tuyu\uikit\AndroidManifest.xml:46:13-49
	android:windowSoftInputMode
		ADDED from tuyu\uikit\AndroidManifest.xml:48:13-67
	android:configChanges
		ADDED from tuyu\uikit\AndroidManifest.xml:45:13-63
	android:theme
		ADDED from tuyu\uikit\AndroidManifest.xml:47:13-56
	android:name
		ADDED from tuyu\uikit\AndroidManifest.xml:44:13-99
activity#com.netease.nim.uikit.business.team.activity.AdvancedTeamAnnounceActivity
ADDED from tuyu\uikit\AndroidManifest.xml:49:9-54:70
	android:screenOrientation
		ADDED from tuyu\uikit\AndroidManifest.xml:52:13-49
	android:windowSoftInputMode
		ADDED from tuyu\uikit\AndroidManifest.xml:54:13-67
	android:configChanges
		ADDED from tuyu\uikit\AndroidManifest.xml:51:13-63
	android:theme
		ADDED from tuyu\uikit\AndroidManifest.xml:53:13-56
	android:name
		ADDED from tuyu\uikit\AndroidManifest.xml:50:13-101
activity#com.netease.nim.uikit.business.team.activity.AdvancedTeamMemberInfoActivity
ADDED from tuyu\uikit\AndroidManifest.xml:55:9-60:70
	android:screenOrientation
		ADDED from tuyu\uikit\AndroidManifest.xml:58:13-49
	android:windowSoftInputMode
		ADDED from tuyu\uikit\AndroidManifest.xml:60:13-67
	android:configChanges
		ADDED from tuyu\uikit\AndroidManifest.xml:57:13-63
	android:theme
		ADDED from tuyu\uikit\AndroidManifest.xml:59:13-56
	android:name
		ADDED from tuyu\uikit\AndroidManifest.xml:56:13-103
activity#com.netease.nim.uikit.business.team.activity.AdvancedTeamNicknameActivity
ADDED from tuyu\uikit\AndroidManifest.xml:61:9-66:70
	android:screenOrientation
		ADDED from tuyu\uikit\AndroidManifest.xml:64:13-49
	android:windowSoftInputMode
		ADDED from tuyu\uikit\AndroidManifest.xml:66:13-67
	android:configChanges
		ADDED from tuyu\uikit\AndroidManifest.xml:63:13-63
	android:theme
		ADDED from tuyu\uikit\AndroidManifest.xml:65:13-56
	android:name
		ADDED from tuyu\uikit\AndroidManifest.xml:62:13-101
activity#com.netease.nim.uikit.business.team.activity.AdvancedTeamCreateAnnounceActivity
ADDED from tuyu\uikit\AndroidManifest.xml:67:9-72:70
	android:screenOrientation
		ADDED from tuyu\uikit\AndroidManifest.xml:70:13-49
	android:windowSoftInputMode
		ADDED from tuyu\uikit\AndroidManifest.xml:72:13-67
	android:configChanges
		ADDED from tuyu\uikit\AndroidManifest.xml:69:13-63
	android:theme
		ADDED from tuyu\uikit\AndroidManifest.xml:71:13-56
	android:name
		ADDED from tuyu\uikit\AndroidManifest.xml:68:13-107
activity#com.netease.nim.uikit.business.team.activity.TeamPropertySettingActivity
ADDED from tuyu\uikit\AndroidManifest.xml:73:9-78:70
	android:screenOrientation
		ADDED from tuyu\uikit\AndroidManifest.xml:76:13-49
	android:windowSoftInputMode
		ADDED from tuyu\uikit\AndroidManifest.xml:78:13-67
	android:configChanges
		ADDED from tuyu\uikit\AndroidManifest.xml:75:13-63
	android:theme
		ADDED from tuyu\uikit\AndroidManifest.xml:77:13-56
	android:name
		ADDED from tuyu\uikit\AndroidManifest.xml:74:13-100
activity#com.netease.nim.uikit.business.contact.selector.activity.ContactSelectActivity
ADDED from tuyu\uikit\AndroidManifest.xml:81:9-87:67
	android:screenOrientation
		ADDED from tuyu\uikit\AndroidManifest.xml:85:13-49
	android:label
		ADDED from tuyu\uikit\AndroidManifest.xml:84:13-53
	android:windowSoftInputMode
		ADDED from tuyu\uikit\AndroidManifest.xml:87:13-64
	android:configChanges
		ADDED from tuyu\uikit\AndroidManifest.xml:83:13-63
	android:theme
		ADDED from tuyu\uikit\AndroidManifest.xml:86:13-56
	android:name
		ADDED from tuyu\uikit\AndroidManifest.xml:82:13-106
activity#com.netease.nim.uikit.business.ait.selector.AitContactSelectorActivity
ADDED from tuyu\uikit\AndroidManifest.xml:90:9-92:64
	android:screenOrientation
		ADDED from tuyu\uikit\AndroidManifest.xml:91:19-55
	android:theme
		ADDED from tuyu\uikit\AndroidManifest.xml:92:19-62
	android:name
		ADDED from tuyu\uikit\AndroidManifest.xml:90:19-83
activity#com.netease.nim.uikit.common.media.picker.activity.PickImageActivity
ADDED from tuyu\uikit\AndroidManifest.xml:95:9-98:59
	android:screenOrientation
		ADDED from tuyu\uikit\AndroidManifest.xml:97:13-49
	android:theme
		ADDED from tuyu\uikit\AndroidManifest.xml:98:13-56
	android:name
		ADDED from tuyu\uikit\AndroidManifest.xml:96:13-96
activity#com.netease.nim.uikit.common.media.picker.activity.CropImageActivity
ADDED from tuyu\uikit\AndroidManifest.xml:99:9-102:58
	android:screenOrientation
		ADDED from tuyu\uikit\AndroidManifest.xml:101:13-49
	android:theme
		ADDED from tuyu\uikit\AndroidManifest.xml:102:13-56
	android:name
		ADDED from tuyu\uikit\AndroidManifest.xml:100:13-96
activity#com.netease.nim.uikit.common.media.picker.activity.PickerAlbumActivity
ADDED from tuyu\uikit\AndroidManifest.xml:103:9-106:59
	android:screenOrientation
		ADDED from tuyu\uikit\AndroidManifest.xml:105:13-49
	android:theme
		ADDED from tuyu\uikit\AndroidManifest.xml:106:13-56
	android:name
		ADDED from tuyu\uikit\AndroidManifest.xml:104:13-98
activity#com.netease.nim.uikit.common.media.picker.activity.PickerAlbumPreviewActivity
ADDED from tuyu\uikit\AndroidManifest.xml:107:9-110:59
	android:screenOrientation
		ADDED from tuyu\uikit\AndroidManifest.xml:109:13-49
	android:theme
		ADDED from tuyu\uikit\AndroidManifest.xml:110:13-56
	android:name
		ADDED from tuyu\uikit\AndroidManifest.xml:108:13-105
activity#com.netease.nim.uikit.common.media.picker.activity.PreviewImageFromLocalActivity
ADDED from tuyu\uikit\AndroidManifest.xml:111:9-116:58
	android:screenOrientation
		ADDED from tuyu\uikit\AndroidManifest.xml:114:13-49
	android:windowSoftInputMode
		ADDED from tuyu\uikit\AndroidManifest.xml:115:13-67
	android:configChanges
		ADDED from tuyu\uikit\AndroidManifest.xml:113:13-63
	android:theme
		ADDED from tuyu\uikit\AndroidManifest.xml:116:13-56
	android:name
		ADDED from tuyu\uikit\AndroidManifest.xml:112:13-108
activity#com.netease.nim.uikit.common.media.picker.activity.PreviewImageFromCameraActivity
ADDED from tuyu\uikit\AndroidManifest.xml:117:9-123:70
	android:screenOrientation
		ADDED from tuyu\uikit\AndroidManifest.xml:121:13-49
	android:label
		ADDED from tuyu\uikit\AndroidManifest.xml:120:13-53
	android:windowSoftInputMode
		ADDED from tuyu\uikit\AndroidManifest.xml:123:13-67
	android:configChanges
		ADDED from tuyu\uikit\AndroidManifest.xml:119:13-63
	android:theme
		ADDED from tuyu\uikit\AndroidManifest.xml:122:13-56
	android:name
		ADDED from tuyu\uikit\AndroidManifest.xml:118:13-109
activity#com.netease.nim.uikit.business.session.activity.CaptureVideoActivity
ADDED from tuyu\uikit\AndroidManifest.xml:126:9-131:58
	android:screenOrientation
		ADDED from tuyu\uikit\AndroidManifest.xml:129:13-49
	android:windowSoftInputMode
		ADDED from tuyu\uikit\AndroidManifest.xml:130:13-67
	android:configChanges
		ADDED from tuyu\uikit\AndroidManifest.xml:128:13-63
	android:theme
		ADDED from tuyu\uikit\AndroidManifest.xml:131:13-56
	android:name
		ADDED from tuyu\uikit\AndroidManifest.xml:127:13-96
activity#com.netease.nim.uikit.business.session.activity.WatchVideoActivity
ADDED from tuyu\uikit\AndroidManifest.xml:133:9-137:48
	android:label
		ADDED from tuyu\uikit\AndroidManifest.xml:136:13-47
	android:configChanges
		ADDED from tuyu\uikit\AndroidManifest.xml:135:13-74
	android:theme
		ADDED from tuyu\uikit\AndroidManifest.xml:137:13-45
	android:name
		ADDED from tuyu\uikit\AndroidManifest.xml:134:13-94
activity#com.netease.nim.uikit.business.session.activity.WatchMessagePictureActivity
ADDED from tuyu\uikit\AndroidManifest.xml:140:9-143:47
	android:configChanges
		ADDED from tuyu\uikit\AndroidManifest.xml:142:13-51
	android:theme
		ADDED from tuyu\uikit\AndroidManifest.xml:143:13-45
	android:name
		ADDED from tuyu\uikit\AndroidManifest.xml:141:13-103
activity#com.netease.nim.uikit.business.session.activity.WatchPicAndVideoMenuActivity
ADDED from tuyu\uikit\AndroidManifest.xml:145:9-147:47
	android:configChanges
		ADDED from tuyu\uikit\AndroidManifest.xml:146:13-51
	android:theme
		ADDED from tuyu\uikit\AndroidManifest.xml:147:13-45
	android:name
		ADDED from tuyu\uikit\AndroidManifest.xml:145:19-89
provider#com.netease.nim.uikit.common.media.model.GenericFileProvider
ADDED from tuyu\uikit\AndroidManifest.xml:150:9-158:20
	android:grantUriPermissions
		ADDED from tuyu\uikit\AndroidManifest.xml:154:13-47
	android:authorities
		ADDED from tuyu\uikit\AndroidManifest.xml:152:13-73
	android:exported
		ADDED from tuyu\uikit\AndroidManifest.xml:153:13-37
	android:name
		ADDED from tuyu\uikit\AndroidManifest.xml:151:13-88
meta-data#android.support.FILE_PROVIDER_PATHS
ADDED from tuyu\uikit\AndroidManifest.xml:155:13-157:57
	android:resource
		ADDED from tuyu\uikit\AndroidManifest.xml:157:17-55
	android:name
		ADDED from tuyu\uikit\AndroidManifest.xml:156:17-67
activity#com.netease.nim.uikit.common.media.imagepicker.ui.ImageGridActivity
ADDED from tuyu\uikit\AndroidManifest.xml:161:9-165:52
	android:screenOrientation
		ADDED from tuyu\uikit\AndroidManifest.xml:164:13-49
	android:configChanges
		ADDED from tuyu\uikit\AndroidManifest.xml:163:13-59
	android:theme
		ADDED from tuyu\uikit\AndroidManifest.xml:165:13-50
	android:name
		ADDED from tuyu\uikit\AndroidManifest.xml:162:13-74
activity#com.netease.nim.uikit.common.media.imagepicker.ui.ImageCropActivity
ADDED from tuyu\uikit\AndroidManifest.xml:167:9-172:69
	android:screenOrientation
		ADDED from tuyu\uikit\AndroidManifest.xml:171:13-49
	android:hardwareAccelerated
		ADDED from tuyu\uikit\AndroidManifest.xml:170:13-48
	android:configChanges
		ADDED from tuyu\uikit\AndroidManifest.xml:169:13-59
	android:theme
		ADDED from tuyu\uikit\AndroidManifest.xml:172:13-67
	android:name
		ADDED from tuyu\uikit\AndroidManifest.xml:168:13-74
activity#com.netease.nim.uikit.common.media.imagepicker.ui.ImagePreviewActivity
ADDED from tuyu\uikit\AndroidManifest.xml:173:9-176:69
	android:configChanges
		ADDED from tuyu\uikit\AndroidManifest.xml:175:13-59
	android:theme
		ADDED from tuyu\uikit\AndroidManifest.xml:176:13-67
	android:name
		ADDED from tuyu\uikit\AndroidManifest.xml:174:13-77
activity#com.netease.nim.uikit.common.media.imagepicker.ui.ImagePreviewRetakeActivity
ADDED from tuyu\uikit\AndroidManifest.xml:178:9-181:69
	android:configChanges
		ADDED from tuyu\uikit\AndroidManifest.xml:180:13-59
	android:theme
		ADDED from tuyu\uikit\AndroidManifest.xml:181:13-67
	android:name
		ADDED from tuyu\uikit\AndroidManifest.xml:179:13-83
activity#com.netease.nim.uikit.common.media.imagepicker.ui.ImageTakeActivity
ADDED from tuyu\uikit\AndroidManifest.xml:182:9-186:69
	android:screenOrientation
		ADDED from tuyu\uikit\AndroidManifest.xml:185:13-49
	android:configChanges
		ADDED from tuyu\uikit\AndroidManifest.xml:184:13-59
	android:theme
		ADDED from tuyu\uikit\AndroidManifest.xml:186:13-67
	android:name
		ADDED from tuyu\uikit\AndroidManifest.xml:183:13-74
activity#com.netease.nim.uikit.common.media.imagepicker.video.GLVideoActivity
ADDED from tuyu\uikit\AndroidManifest.xml:187:9-191:48
	android:screenOrientation
		ADDED from tuyu\uikit\AndroidManifest.xml:190:13-49
	android:configChanges
		ADDED from tuyu\uikit\AndroidManifest.xml:189:13-59
	android:theme
		ADDED from tuyu\uikit\AndroidManifest.xml:191:13-46
	android:name
		ADDED from tuyu\uikit\AndroidManifest.xml:188:13-75
activity#com.netease.nim.uikit.common.media.imagepicker.video.GLVideoConfirmActivity
ADDED from tuyu\uikit\AndroidManifest.xml:192:9-196:48
	android:screenOrientation
		ADDED from tuyu\uikit\AndroidManifest.xml:195:13-49
	android:configChanges
		ADDED from tuyu\uikit\AndroidManifest.xml:194:13-59
	android:theme
		ADDED from tuyu\uikit\AndroidManifest.xml:196:13-46
	android:name
		ADDED from tuyu\uikit\AndroidManifest.xml:193:13-82
activity#com.netease.nim.uikit.common.media.imagepicker.camera.CaptureActivity
ADDED from tuyu\uikit\AndroidManifest.xml:198:9-201:71
	android:screenOrientation
		ADDED from tuyu\uikit\AndroidManifest.xml:200:13-49
	android:theme
		ADDED from tuyu\uikit\AndroidManifest.xml:201:13-69
	android:name
		ADDED from tuyu\uikit\AndroidManifest.xml:199:13-76
uses-sdk
INJECTED from tuyu\uikit\AndroidManifest.xml reason: use-sdk injection requested
INJECTED from tuyu\uikit\AndroidManifest.xml
INJECTED from tuyu\uikit\AndroidManifest.xml
INJECTED from tuyu\uikit\AndroidManifest.xml
INJECTED from tuyu\uikit\AndroidManifest.xml
	android:targetSdkVersion
		INJECTED from tuyu\uikit\AndroidManifest.xml
		ADDED from tuyu\uikit\AndroidManifest.xml
		INJECTED from tuyu\uikit\AndroidManifest.xml
	android:minSdkVersion
		INJECTED from tuyu\uikit\AndroidManifest.xml
		ADDED from tuyu\uikit\AndroidManifest.xml
		INJECTED from tuyu\uikit\AndroidManifest.xml